<?xml version="1.0" encoding="UTF-8"?>
<testng-results ignored="0" total="1" passed="1" failed="0" skipped="0">
  <reporter-output>
  </reporter-output>
  <suite started-at="2023-04-13T12:47:43 IST" name="Default suite" finished-at="2023-04-13T12:48:27 IST" duration-ms="43888">
    <groups>
    </groups>
    <test started-at="2023-04-13T12:47:43 IST" name="Default test" finished-at="2023-04-13T12:48:27 IST" duration-ms="43888">
      <class name="Appium.SampleMavenProjectAppium.Ecommerce_EndToEnd3">
        <test-method is-config="true" signature="ConfigureAppium()[pri:0, instance:Appium.SampleMavenProjectAppium.Ecommerce_EndToEnd3@1a942c18]" started-at="2023-04-13T12:47:43 IST" name="ConfigureAppium" finished-at="2023-04-13T12:47:59 IST" duration-ms="16378" status="PASS">
          <reporter-output>
          </reporter-output>
        </test-method> <!-- ConfigureAppium -->
        <test-method signature="FillingForms()[pri:0, instance:Appium.SampleMavenProjectAppium.Ecommerce_EndToEnd3@1a942c18]" started-at="2023-04-13T12:47:59 IST" name="FillingForms" finished-at="2023-04-13T12:48:25 IST" duration-ms="25912" status="PASS">
          <reporter-output>
          </reporter-output>
        </test-method> <!-- FillingForms -->
        <test-method is-config="true" signature="TearDown()[pri:0, instance:Appium.SampleMavenProjectAppium.Ecommerce_EndToEnd3@1a942c18]" started-at="2023-04-13T12:48:25 IST" name="TearDown" finished-at="2023-04-13T12:48:27 IST" duration-ms="1473" status="PASS">
          <reporter-output>
          </reporter-output>
        </test-method> <!-- TearDown -->
      </class> <!-- Appium.SampleMavenProjectAppium.Ecommerce_EndToEnd3 -->
    </test> <!-- Default test -->
  </suite> <!-- Default suite -->
</testng-results>
